#
# There is insufficient memory for the Java Runtime Environment to continue.
# Native memory allocation (malloc) failed to allocate 1266176 bytes for Chunk::new
# Possible reasons:
#   The system is out of physical RAM or swap space
#   The process is running with CompressedOops enabled, and the Java Heap may be blocking the growth of the native heap
# Possible solutions:
#   Reduce memory load on the system
#   Increase physical memory or swap space
#   Check if swap backing store is full
#   Decrease Java heap size (-Xmx/-Xms)
#   Decrease number of Java threads
#   Decrease Java thread stack sizes (-Xss)
#   Set larger code cache with -XX:ReservedCodeCacheSize=
#   JVM is running with Unscaled Compressed Oops mode in which the Java heap is
#     placed in the first 4GB address space. The Java Heap base address is the
#     maximum limit for the native heap growth. Please use -XX:HeapBaseMinAddress
#     to set the Java Heap base and to place the Java Heap above 4GB virtual address.
# This output file may be truncated or incomplete.
#
#  Out of Memory Error (allocation.cpp:389), pid=11100, tid=0x0000000000002ea0
#
# JRE version: OpenJDK Runtime Environment (Zulu 8.52.0.23-CA-win64) (8.0_282-b08) (build 1.8.0_282-b08)
# Java VM: OpenJDK 64-Bit Server VM (25.282-b08 mixed mode windows-amd64 compressed oops)
# Failed to write core dump. Call to MiniDumpWriteDump() failed (Error 0x80070070: There is not enough space on the disk.
)
#

---------------  T H R E A D  ---------------

Current thread (0x000000001a3a7800):  JavaThread "C2 CompilerThread0" daemon [_thread_in_native, id=11936, stack(0x000000001ad70000,0x000000001ae70000)]

Stack: [0x000000001ad70000,0x000000001ae70000]
[error occurred during error reporting (printing stack bounds), id 0xc0000005]

Native frames: (J=compiled Java code, j=interpreted, Vv=VM code, C=native code)


Current CompileTask:
C2:   3743 2217   !   4       com.sun.beans.TypeResolver::resolve (274 bytes)


---------------  P R O C E S S  ---------------

Java Threads: ( => current thread )
  0x000000001a06e800 JavaThread "Service Thread" daemon [_thread_blocked, id=1068, stack(0x000000001b270000,0x000000001b370000)]
  0x000000001a3ae000 JavaThread "C1 CompilerThread3" daemon [_thread_blocked, id=3320, stack(0x000000001b170000,0x000000001b270000)]
  0x000000001a3ad000 JavaThread "C2 CompilerThread2" daemon [_thread_in_native, id=5784, stack(0x000000001af70000,0x000000001b070000)]
  0x000000001a3a8000 JavaThread "C2 CompilerThread1" daemon [_thread_in_native, id=752, stack(0x000000001ae70000,0x000000001af70000)]
=>0x000000001a3a7800 JavaThread "C2 CompilerThread0" daemon [_thread_in_native, id=11936, stack(0x000000001ad70000,0x000000001ae70000)]
  0x000000001a39c000 JavaThread "Attach Listener" daemon [_thread_blocked, id=5624, stack(0x000000001ac70000,0x000000001ad70000)]
  0x000000001a39b800 JavaThread "Signal Dispatcher" daemon [_thread_blocked, id=5432, stack(0x000000001ab70000,0x000000001ac70000)]
  0x0000000017ead000 JavaThread "Finalizer" daemon [_thread_blocked, id=11892, stack(0x000000001a170000,0x000000001a270000)]
  0x0000000019c90800 JavaThread "Reference Handler" daemon [_thread_blocked, id=9252, stack(0x000000001a070000,0x000000001a170000)]
  0x0000000002d46800 JavaThread "main" [_thread_in_vm, id=6296, stack(0x0000000002c30000,0x0000000002d30000)]

Other Threads:
  0x0000000017ea1000 VMThread [stack: 0x0000000019b70000,0x0000000019c70000] [id=10204]
  0x000000001a3df000 WatcherThread [stack: 0x000000001b370000,0x000000001b470000] [id=5856]

VM state:not at safepoint (normal execution)

VM Mutex/Monitor currently owned by a thread: None

heap address: 0x0000000080000000, size: 2048 MB, Compressed Oops mode: 32-bit
Narrow klass base: 0x0000000000000000, Narrow klass shift: 3
Compressed class space size: 1073741824 Address: 0x0000000100000000

Heap:
 PSYoungGen      total 137728K, used 104038K [0x00000000d5580000, 0x00000000e0a00000, 0x0000000100000000)
  eden space 130048K, 77% used [0x00000000d5580000,0x00000000db7e07b8,0x00000000dd480000)
  from space 7680K, 42% used [0x00000000dd480000,0x00000000dd7b91c8,0x00000000ddc00000)
  to   space 8192K, 0% used [0x00000000e0200000,0x00000000e0200000,0x00000000e0a00000)
 ParOldGen       total 59904K, used 8586K [0x0000000080000000, 0x0000000083a80000, 0x00000000d5580000)
  object space 59904K, 14% used [0x0000000080000000,0x0000000080862bc8,0x0000000083a80000)
 Metaspace       used 25407K, capacity 25724K, committed 25856K, reserved 1073152K
  class space    used 2922K, capacity 3050K, committed 3072K, reserved 1048576K

Card table byte_map: [0x00000000121f0000,0x0000000012600000] byte_map_base: 0x0000000011df0000

Marking Bits: (ParMarkBitMap*) 0x0000000051421f00
 Begin Bits: [0x00000000130b0000, 0x00000000150b0000)
 End Bits:   [0x00000000150b0000, 0x00000000170b0000)

Polling page: 0x0000000001270000

CodeCache: size=245760Kb used=9906Kb max_used=9906Kb free=235853Kb
 bounds [0x0000000002e30000, 0x00000000037f0000, 0x0000000011e30000]
 total_blobs=2977 nmethods=2331 adapters=556
 compilation: enabled

Compilation events (10 events):
Event: 3.601 Thread 0x000000001a3ae000 2335       3       com.google.common.collect.AbstractIndexedListIterator::hasNext (17 bytes)
Event: 3.601 Thread 0x000000001a3ae000 nmethod 2335 0x00000000037be850 code [0x00000000037be9a0, 0x00000000037beb50]
Event: 3.602 Thread 0x000000001a3ae000 2336   !   3       java.io.WinNTFileSystem::resolve (362 bytes)
Event: 3.605 Thread 0x000000001a3ae000 nmethod 2336 0x00000000037bebd0 code [0x00000000037bf440, 0x00000000037c50d8]
Event: 3.609 Thread 0x000000001a3ae000 2337       3       java.net.URLStreamHandler::parseURL (1193 bytes)
Event: 3.616 Thread 0x000000001a3ae000 nmethod 2337 0x00000000037c8c10 code [0x00000000037c9760, 0x00000000037d3328]
Event: 3.616 Thread 0x000000001a3ae000 2339       3       java.net.URLStreamHandler::setURL (73 bytes)
Event: 3.617 Thread 0x000000001a3ae000 nmethod 2339 0x00000000037d9990 code [0x00000000037d9bc0, 0x00000000037dab18]
Event: 3.617 Thread 0x000000001a3ae000 2338       3       java.io.WinNTFileSystem::resolve (231 bytes)
Event: 3.618 Thread 0x000000001a3ae000 nmethod 2338 0x00000000037db210 code [0x00000000037db4e0, 0x00000000037dcd68]

GC Heap History (10 events):
Event: 1.858 GC heap before
{Heap before GC invocations=6 (full 0):
 PSYoungGen      total 38400K, used 38387K [0x00000000d5580000, 0x00000000da280000, 0x0000000100000000)
  eden space 33280K, 100% used [0x00000000d5580000,0x00000000d7600000,0x00000000d7600000)
  from space 5120K, 99% used [0x00000000d7600000,0x00000000d7afcdf0,0x00000000d7b00000)
  to   space 6144K, 0% used [0x00000000d9c80000,0x00000000d9c80000,0x00000000da280000)
 ParOldGen       total 87552K, used 829K [0x0000000080000000, 0x0000000085580000, 0x00000000d5580000)
  object space 87552K, 0% used [0x0000000080000000,0x00000000800cf4d8,0x0000000085580000)
 Metaspace       used 16399K, capacity 16646K, committed 17024K, reserved 1064960K
  class space    used 1720K, capacity 1846K, committed 1920K, reserved 1048576K
Event: 1.864 GC heap after
Heap after GC invocations=6 (full 0):
 PSYoungGen      total 71168K, used 6137K [0x00000000d5580000, 0x00000000da580000, 0x0000000100000000)
  eden space 65024K, 0% used [0x00000000d5580000,0x00000000d5580000,0x00000000d9500000)
  from space 6144K, 99% used [0x00000000d9c80000,0x00000000da27e648,0x00000000da280000)
  to   space 7680K, 0% used [0x00000000d9500000,0x00000000d9500000,0x00000000d9c80000)
 ParOldGen       total 87552K, used 2454K [0x0000000080000000, 0x0000000085580000, 0x00000000d5580000)
  object space 87552K, 2% used [0x0000000080000000,0x0000000080265ae0,0x0000000085580000)
 Metaspace       used 16399K, capacity 16646K, committed 17024K, reserved 1064960K
  class space    used 1720K, capacity 1846K, committed 1920K, reserved 1048576K
}
Event: 2.349 GC heap before
Event: 2.356 GC heap after
Event: 2.448 GC heap before
Event: 2.451 GC heap after
Event: 2.451 GC heap before
Event: 2.488 GC heap after
Event: 3.113 GC heap before




=