#
# There is insufficient memory for the Java Runtime Environment to continue.
# Native memory allocation (malloc) failed to allocate 1801456 bytes for Chunk::new
# Possible reasons:
#   The system is out of physical RAM or swap space
#   The process is running with CompressedOops enabled, and the Java Heap may be blocking the growth of the native heap
# Possible solutions:
#   Reduce memory load on the system
#   Increase physical memory or swap space
#   Check if swap backing store is full
#   Decrease Java heap size (-Xmx/-Xms)
#   Decrease number of Java threads
#   Decrease Java thread stack sizes (-Xss)
#   Set larger code cache with -XX:ReservedCodeCacheSize=
#   JVM is running with Unscaled Compressed Oops mode in which the Java heap is
#     placed in the first 4GB address space. The Java Heap base address is the
#     maximum limit for the native heap growth. Please use -XX:HeapBaseMinAddress
#     to set the Java Heap base and to place the Java Heap above 4GB virtual address.
# This output file may be truncated or incomplete.
#
#  Out of Memory Error (allocation.cpp:389), pid=2276, tid=0x00000000000020f8
#
# JRE version: OpenJDK Runtime Environment (Zulu 8.52.0.23-CA-win64) (8.0_282-b08) (build 1.8.0_282-b08)
# Java VM: OpenJDK 64-Bit Server VM (25.282-b08 mixed mode windows-amd64 compressed oops)
# Failed to write core dump. Call to MiniDumpWriteDump() failed (Error 0x80070070: There is not enough space on the disk.
)
#

---------------  T H R E A D  ---------------

Current thread (0x000000001a39e800):  JavaThread "C2 CompilerThread1" daemon [_thread_in_native, id=8440, stack(0x000000001ae60000,0x000000001af60000)]

Stack: [0x000000001ae60000,0x000000001af60000]
[error occurred during error reporting (printing stack bounds), id 0xc0000005]

Native frames: (J=compiled Java code, j=interpreted, Vv=VM code, C=native code)


Current CompileTask:
C2:   4382 2202       4       groovy.lang.MetaClassImpl$1MOPIter::methodNameAction (479 bytes)


---------------  P R O C E S S  ---------------

Java Threads: ( => current thread )
  0x000000001efdf800 JavaThread "Keep-Alive-Timer" daemon [_thread_blocked, id=5800, stack(0x0000000020fc0000,0x00000000210c0000)]
  0x000000001d12b000 JavaThread "Exec Stream Pumper" daemon [_thread_in_native, id=5080, stack(0x0000000020b80000,0x0000000020c80000)]
  0x000000001efb2800 JavaThread "Exec Stream Pumper" daemon [_thread_in_native, id=4692, stack(0x000000001fa90000,0x000000001fb90000)]
  0x000000001ffd1800 JavaThread "UrlChecker-2" daemon [_thread_blocked, id=8224, stack(0x000000001f990000,0x000000001fa90000)]
  0x000000001fc12800 JavaThread "Exec Default Executor" daemon [_thread_in_native, id=10188, stack(0x000000001f890000,0x000000001f990000)]
  0x000000001a015000 JavaThread "Service Thread" daemon [_thread_blocked, id=11312, stack(0x000000001b260000,0x000000001b360000)]
  0x000000001a3a5800 JavaThread "C1 CompilerThread3" daemon [_thread_blocked, id=6420, stack(0x000000001b160000,0x000000001b260000)]
  0x000000001a39f800 JavaThread "C2 CompilerThread2" daemon [_thread_in_vm, id=6012, stack(0x000000001af60000,0x000000001b060000)]
=>0x000000001a39e800 JavaThread "C2 CompilerThread1" daemon [_thread_in_native, id=8440, stack(0x000000001ae60000,0x000000001af60000)]
  0x000000001a39d800 JavaThread "C2 CompilerThread0" daemon [_thread_blocked, id=9852, stack(0x000000001ad60000,0x000000001ae60000)]
  0x000000001a3ec800 JavaThread "Attach Listener" daemon [_thread_blocked, id=1544, stack(0x000000001ac60000,0x000000001ad60000)]
  0x000000001a38c800 JavaThread "Signal Dispatcher" daemon [_thread_blocked, id=12172, stack(0x000000001ab60000,0x000000001ac60000)]
  0x0000000017e8d000 JavaThread "Finalizer" daemon [_thread_blocked, id=11632, stack(0x000000001a160000,0x000000001a260000)]
  0x0000000019c80800 JavaThread "Reference Handler" daemon [_thread_blocked, id=2368, stack(0x000000001a060000,0x000000001a160000)]
  0x0000000002d26800 JavaThread "Forwarding newSession on session null to remote" [_thread_in_native, id=9452, stack(0x0000000002c10000,0x0000000002d10000)]

Other Threads:
  0x0000000017e81800 VMThread [stack: 0x0000000019b60000,0x0000000019c60000] [id=9076]
  0x000000001a018000 WatcherThread [stack: 0x000000001b360000,0x000000001b460000] [id=9476]

VM state:not at safepoint (normal execution)

VM Mutex/Monitor currently owned by a thread: None

heap address: 0x0000000080000000, size: 2048 MB, Compressed Oops mode: 32-bit
Narrow klass base: 0x0000000000000000, Narrow klass shift: 3
Compressed class space size: 1073741824 Address: 0x0000000100000000

Heap:
 PSYoungGen      total 137728K, used 122302K [0x00000000d5580000, 0x00000000de380000, 0x0000000100000000)
  eden space 130048K, 91% used [0x00000000d5580000,0x00000000dc9a1738,0x00000000dd480000)
  from space 7680K, 44% used [0x00000000dd480000,0x00000000dd7ce130,0x00000000ddc00000)
  to   space 7168K, 0% used [0x00000000ddc80000,0x00000000ddc80000,0x00000000de380000)
 ParOldGen       total 58880K, used 8602K [0x0000000080000000, 0x0000000083980000, 0x00000000d5580000)
  object space 58880K, 14% used [0x0000000080000000,0x0000000080866b30,0x0000000083980000)
 Metaspace       used 27097K, capacity 27572K, committed 27904K, reserved 1073152K
  class space    used 3135K, capacity 3292K, committed 3328K, reserved 1048576K

Card table byte_map: [0x00000000121d0000,0x00000000125e0000] byte_map_base: 0x0000000011dd0000

Marking Bits: (ParMarkBitMap*) 0x0000000051421f00
 Begin Bits: [0x0000000013090000, 0x0000000015090000)
 End Bits:   [0x0000000015090000, 0x0000000017090000)

Polling page: 0x0000000000e70000

CodeCache: size=245760Kb used=10801Kb max_used=10809Kb free=234958Kb
 bounds [0x0000000002e10000, 0x00000000038b0000, 0x0000000011e10000]
 total_blobs=3209 nmethods=2548 adapters=571
 compilation: enabled

Compilation events (10 events):
Event: 3.791 Thread 0x000000001a3a5800 nmethod 2555 0x0000000003890dd0 code [0x0000000003891000, 0x0000000003891dc8]
Event: 3.791 Thread 0x000000001a3a5800 2554       3       java.lang.invoke.MethodTypeForm::canonicalize (64 bytes)
Event: 3.791 Thread 0x000000001a3a5800 nmethod 2554 0x000000000389bd50 code [0x000000000389bee0, 0x000000000389c328]
Event: 3.793 Thread 0x000000001a39d800 nmethod 2535 0x00000000038a3050 code [0x00000000038a31c0, 0x00000000038a3a98]
Event: 3.796 Thread 0x000000001a39f800 2556       4       java.lang.CharacterData::of (120 bytes)
Event: 3.797 Thread 0x000000001a39f800 nmethod 2556 0x00000000038907d0 code [0x00000000038909e0, 0x0000000003890a98]
Event: 3.829 Thread 0x000000001a3a5800 2557       3       java.io.PrintStream::ensureOpen (18 bytes)
Event: 3.829 Thread 0x000000001a3a5800 nmethod 2557 0x000000000388b090 code [0x000000000388b200, 0x000000000388b448]
Event: 3.830 Thread 0x000000001a3a5800 2558       3       org.openqa.selenium.io.MultiOutputStream::write (24 bytes)
Event: 3.830 Thread 0x000000001a3a5800 nmethod 2558 0x000000000388aad0 code [0x000000000388ac40, 0x000000000388af78]

GC Heap History (10 events):
Event: 1.796 GC heap before
{Heap before GC invocations=6 (full 0):
 PSYoungGen      total 38400K, used 38377K [0x00000000d5580000, 0x00000000da280000, 0x0000000100000000)
  eden space 33280K, 100% used [0x00000000d5580000,0x00000000d7600000,0x00000000d7600000)
  from space 5120K, 99% used [0x00000000d7600000,0x00000000d7afa528,0x00000000d7b00000)
  to   space 6144K, 0% used [0x00000000d9c80000,0x00000000d9c80000,0x00000000da280000)
 ParOldGen       total 87552K, used 821K [0x0000000080000000, 0x0000000085580000, 0x00000000d5580000)
  object space 87552K, 0% used [0x0000000080000000,0x00000000800cd738,0x0000000085580000)
 Metaspace       used 16369K, capacity 16646K, committed 17024K, reserved 1064960K
  class space    used 1721K, capacity 1846K, committed 1920K, reserved 1048576K
Event: 1.801 GC heap after
Heap after GC invocations=6 (full 0):
 PSYoungGen      total 71168K, used 6141K [0x00000000d5580000, 0x00000000da580000, 0x0000000100000000)
  eden space 65024K, 0% used [0x00000000d5580000,0x00000000d5580000,0x00000000d9500000)
  from space 6144K, 99% used [0x00000000d9c80000,0x00000000da27f688,0x00000000da280000)
  to   space 7680K, 0% used [0x00000000d9500000,0x00000000d9500000,0x00000000d9c80000)
 ParOldGen       total 87552K, used 2451K [0x0000000080000000, 0x0000000085580000, 0x00000000d5580000)
  object space 87552K, 2% used [0x0000000080000000,0x0000000080264c90,0x0000000085580000)
 Metaspace       used 16369K, capacity 16646K, committed 17024K, reserved 1064960K
  class space    used 1721K, capacity 1846K, committed 1920K, reserved 1048576K
}
Event: 2.273 GC heap before
{Heap before GC invocations=7 (full 0):
 PSYoungGen      total 71168K, used 71165K [0x00000000d5580000, 0x00000000da580000, 0x0000000100000000)
  eden space 65024K, 100% used [0x00000000d5580000,0x00000000d9500000,0x00000000d9500000)
  from space 6144K, 99% used [0x00000000d9c80000,0x00000000da27f688,0x00000000da280000)
  to   space 7680K, 0% used [0x00000000d9500000,0x00000000d9500000,0x00000000d9c80000)
 ParOldGen       total 87552K, used 2451K [0x0000000080000000, 0x0000000085580000, 0x00000000d5580000)
  object space 87552K, 2% used [0x0000000080000000,0x0000000080264c90,0x0000000085580000)
 Metaspace       used 19967K, capacity 20228K, committed 20608K, reserved 1067008K
  class space    used 2210K, capacity 2316K, committed 2432K, reserved 1048576K
Event: 2.280 GC heap after
Heap after GC invocations=7 (full 0):
 PSYoungGen      total 72704K, used 6350K [0x00000000d5580000, 0x00000000de480000, 0x0000000100000000)
  eden space 65024K, 0% used [0x00000000d5580000,0x00000000d5580000,0x00000000d9500000)
  from space 7680K, 82% used [0x00000000d9500000,0x00000000d9b33bf0,0x00000000d9c80000)
  to   space 8192K, 0% used [0x00000000ddc80000,0x00000000ddc80000,0x00000000de480000)
 ParOldGen       total 87552K, used 5896K [0x0000000080000000, 0x0000000085580000, 0x00000000d5580000)
  object space 87552K, 6% used [0x0000000080000000,0x00000000805c2208,0x0000000085580000)
 Metaspace       used 19967K, capacity 20228K, committed 20608K, reserved 1067008K
  class space    used 2210K, capacity 2316K, committed 2432K, reserved 1048576K
}
Event: 2.368 GC heap before
{Heap before GC invocations=8 (full 0):
 PSYoungGen      total 72704K, used 23248K [0x00000000d5580000, 0x00000000de480000, 0x0000000100000000)
  eden space 65024K, 25% used [0x00000000d5580000,0x00000000d6600458,0x00000000d9500000)
  from space 7680K, 82% used [0x00000000d9500000,0x00000000d9b33bf0,0x00000000d9c80000)
  to   space 8192K, 0% used [0x00000000ddc80000,0x00000000ddc80000,0x00000000de480000)
 ParOldGen       total 87552K, used 5896K [0x0000000080000000, 0x0000000085580000, 0x00000000d5580000)
  object space 87552K, 6% used [0x0000000080000000,0x00000000805c2208,0x0000000085580000)
 Metaspace       used 20844K, capacity 21136K, committed 21296K, reserved 1069056K
  class space    used 2313K, capacity 2425K, committed 2432K, reserved 1048576K
Event: 2.372 GC heap after
Heap after GC invocations=8 (full 0):
 PSYoungGen      total 137216K, used 4326K [0x00000000d5580000, 0x00000000de380000, 0x0000000100000000)
  eden space 130048K, 0% used [0x00000000d5580000,0x00000000d5580000,0x00000000dd480000)
  from space 7168K, 60% used [0x00000000ddc80000,0x00000000de0b98b8,0x00000000de380000)
  to   space 7680K, 0% used [0x00000000dd480000,0x00000000dd480000,0x00000000ddc00000)
 ParOldGen       total 87552K, used 6492K [0x0000000080000000, 0x0000000085580000, 0x00000000d5580000)
  object space 87552K, 7% used [0x0000000080000000,0x0000000080657308,0x0000000085580000)
 Metaspace       used 20844K, capacity 21136K, committed 21296K, reserved 1069056K
  class space    used 2313K, capacity 2425K, committed 2432K, reserved 1048576K
}
Event: 2.372 GC heap before
{Heap before GC invocations=9 (full 1):
 PSYoungGen      total 137216K, used 4326K [0x00000000d5580000, 0x00000000de380000, 0x0000000100000000)
  eden space 130048K, 0% used [0x00000000d5580000,0x00000000d5580000,0x00000000dd480000)
  from space 7168K, 60% used [0x00000000ddc80000,0x00000000de0b98b8,0x00000000de380000)
  to   space 7680K, 0% used [0x00000000dd480000,0x00000000dd480000,0x00000000ddc00000)
 ParOldGen       total 87552K, used 6492K [0x0000000080000000, 0x0000000085580000, 0x00000000d5580000)
  object space 87552K, 7% used [0x0000000080000000,0x0000000080657308,0x0000000085580000)
 Metaspace       used 20844K, capacity 21136K, committed 21296K, reserved 1069056K
  class space    used 2313K, capacity 2425K, committed 2432K, reserved 1048576K
Event: 2.407 GC heap after
Heap after GC invocations=9 (full 1):
 PSYoungGen      total 137216K, used 0K [0x00000000d5580000, 0x00000000de380000, 0x0000000100000000)
  eden space 130048K, 0% used [0x00000000d5580000,0x00000000d5580000,0x00000000dd480000)
  from space 7168K, 0% used [0x00000000ddc80000,0x00000000ddc80000,0x00000000de380000)
  to   space 7680K, 0% used [0x00000000dd480000,0x00000000dd480000,0x00000000ddc00000)
 ParOldGen       total 58880K, used 8594K [0x0000000080000000, 0x0000000083980000, 0x00000000d5580000)
  object space 58880K, 14% used [0x0000000080000000,0x0000000080864b30,0x0000000083980000)
 Metaspace       used 20844K, capacity 21136K, committed 21296K, reserved 1069056K
  class space    used 2313K, capacity 2425K, committed 2432K, reserved 1048576K
}
Event: 3.008 GC heap before
{Heap before GC invocations=10 (full 1):
 PSYoungGen      total 137216K, used 130048K [0x00000000d5580000, 0x00000000de380000, 0x0000000100000000)
  eden space 130048K, 100% used [0x00000000d5580000,0x00000000dd480000,0x00000000dd480000)
  from space 7168K, 0% used [0x00000000ddc80000,0x00000000ddc80000,0x00000000de380000)
  to   space 7680K, 0% used [0x00000000dd480000,0x00000000dd480000,0x00000000ddc00000)
 ParOldGen       total 58880K, used 8594K [0x0000000080000000, 0x0000000083980000, 0x00000000d5580000)
  object space 58880K, 14% used [0x0000000080000000,0x0000000080864b30,0x0000000083980000)
 Metaspace       used 22359K, capacity 22656K, committed 22832K, reserved 1069056K
  class space    used 2452K, capacity 2582K, committed 2688K, reserved 1048576K
Event: 3.010 GC heap after
Heap after GC invocations=10 (full 1):
 PSYoungGen      total 137728K, used 3384K [0x00000000d5580000, 0x00000000de380000, 0x0000000100000000)
  eden space 130048K, 0% used [0x00000000d5580000,0x00000000d5580000,0x00000000dd480000)
  from space 7680K, 44% used [0x00000000dd480000,0x00000000dd7ce130,0x00000000ddc00000)
  to   space 7168K, 0% used [0x00000000ddc80000,0x00000000ddc80000,0x00000000de380000)
 ParOldGen       total 58880K, used 8602K [0x0000000080000000, 0x0000000083980000, 0x00000000d5580000)
  object space 58880K, 14% used [0x0000000080000000,0x0000000080866b30,0x0000000083980000)
 Metaspace       used 22359K, capacity 22656K, committed 22832K, reserved 1069056K
  class space    used 2452K, capacity 2582K, committed 2688K, reserved 1048576K
}

Deoptimization events (10 events):
Event: 3.546 Thread 0x0000000002d26800 Uncommon trap: reason=unstable_if action=reinterpret pc=0x00000000034fae38 method=sun.nio.fs.WindowsPathParser.isSlash(C)Z @ 9
Event: 3.613 Thread 0x0000000002d26800 Uncommon trap: reason=unstable_if action=reinterpret pc=0x000000000322eedc method=java.util.HashMap.putVal(ILjava/lang/Object;Ljava/lang/Object;ZZ)Ljava/lang/Object; @ 236
Event: 3.623 Thread 0x0000000002d26800 Uncommon trap: reason=bimorphic action=maybe_recompile pc=0x00000000034598d8 method=java.net.URL.<init>(Ljava/net/URL;Ljava/lang/String;Ljava/net/URLStreamHandler;)V @ 504
Event: 3.623 Thread 0x0000000002d26800 Uncommon trap: reason=unstable_if action=reinterpret pc=0x00000000030904f8 method=sun.net.util.IPAddressUtil.scan(Ljava/lang/String;JJ[C)I @ 14
Event: 3.734 Thread 0x0000000002d26800 Uncommon trap: reason=unstable_if action=reinterpret pc=0x000000000311973c method=sun.nio.cs.UTF_8$Decoder.decode([BII[C)I @ 30
Event: 3.734 Thread 0x0000000002d26800 Uncommon trap: reason=unstable_if action=reinterpret pc=0x00000000036577f0 method=java.lang.StringCoding.safeTrim([CILjava/nio/charset/Charset;Z)[C @ 3
Event: 3.734 Thread 0x0000000002d26800 Uncommon trap: reason=unstable_if action=reinterpret pc=0x00000000034e31e8 method=java.lang.CharacterData.of(I)Ljava/lang/CharacterData; @ 4
Event: 3.744 Thread 0x0000000002d26800 Uncommon trap: reason=unstable_if action=reinterpret pc=0x0000000003653e58 method=java.lang.StringCoding.safeTrim([CILjava/nio/charset/Charset;Z)[C @ 3
Event: 3.745 Thread 0x0000000002d26800 Uncommon trap: reason=unstable_if action=reinterpret pc=0x0000000003621534 method=java.lang.StringCoding.safeTrim([CILjava/nio/charset/Charset;Z)[C @ 3
Event: 3.780 Thread 0x0000000002d26800 Uncommon trap: reason=unstable_if action=reinterpret pc=0x0000000002fd2ba4 method=java.lang.String.replace(CC)Ljava/lang/String; @ 2

Classes redefined (0 events):
No events

Internal exceptions (10 events):
Event: 3.327 Thread 0x0000000002d26800 Exception <a 'java/lang/ClassNotFoundException': com/kms/katalon/core/webui/keyword/builtin/OpenBrowserKeywordBeanInfo> (0x00000000d998dbb0) thrown at [C:\jenkins\workspace\zulu8-silver-build-win64\zulu-src\hotspot\src\share\vm\classfile\systemDictionary.
Event: 3.329 Thread 0x0000000002d26800 Exception <a 'java/lang/ClassNotFoundException': com/kms/katalon/core/webui/keyword/internal/WebUIAbstractKeywordBeanInfo> (0x00000000d9a75b70) thrown at [C:\jenkins\workspace\zulu8-silver-build-win64\zulu-src\hotspot\src\share\vm\classfile\systemDictiona
Event: 3.332 Thread 0x0000000002d26800 Exception <a 'java/lang/ClassNotFoundException': com/kms/katalon/core/keyword/internal/AbstractKeywordBeanInfo> (0x00000000d9b468d8) thrown at [C:\jenkins\workspace\zulu8-silver-build-win64\zulu-src\hotspot\src\share\vm\classfile\systemDictionary.cpp, lin
Event: 3.335 Thread 0x0000000002d26800 Exception <a 'java/lang/ClassNotFoundException': com/kms/katalon/core/keyword/internal/AbstractKeywordCustomizer> (0x00000000d9c1bf60) thrown at [C:\jenkins\workspace\zulu8-silver-build-win64\zulu-src\hotspot\src\share\vm\classfile\systemDictionary.cpp, l
Event: 3.337 Thread 0x0000000002d26800 Exception <a 'java/lang/ClassNotFoundException': com/kms/katalon/core/webui/keyword/internal/WebUIAbstractKeywordCustomizer> (0x00000000d9d0e5a0) thrown at [C:\jenkins\workspace\zulu8-silver-build-win64\zulu-src\hotspot\src\share\vm\classfile\systemDictio
Event: 3.340 Thread 0x0000000002d26800 Exception <a 'java/lang/ClassNotFoundException': com/kms/katalon/core/webui/keyword/builtin/OpenBrowserKeywordCustomizer> (0x00000000d9dfbb98) thrown at [C:\jenkins\workspace\zulu8-silver-build-win64\zulu-src\hotspot\src\share\vm\classfile\systemDictionar
Event: 3.344 Thread 0x0000000002d26800 Exception <a 'java/lang/ClassNotFoundException': com/kms/katalon/core/logging/KeywordLoggerBeanInfo> (0x00000000d9ef9c28) thrown at [C:\jenkins\workspace\zulu8-silver-build-win64\zulu-src\hotspot\src\share\vm\classfile\systemDictionary.cpp, line 220]
Event: 3.347 Thread 0x0000000002d26800 Exception <a 'java/lang/ClassNotFoundException': com/kms/katalon/core/logging/KeywordLoggerCustomizer> (0x00000000d9fb7e90) thrown at [C:\jenkins\workspace\zulu8-silver-build-win64\zulu-src\hotspot\src\share\vm\classfile\systemDictionary.cpp, line 220]
Event: 3.358 Thread 0x0000000002d26800 Exception <a 'java/lang/ClassNotFoundException': com/kms/katalon/core/webui/keyword/builtin/InternalSmartWaitGroovyWrapperBeanInfo> (0x00000000da282ea8) thrown at [C:\jenkins\workspace\zulu8-silver-build-win64\zulu-src\hotspot\src\share\vm\classfile\syste
Event: 3.361 Thread 0x0000000002d26800 Exception <a 'java/lang/ClassNotFoundException': com/kms/katalon/core/webui/keyword/builtin/InternalSmartWaitGroovyWrapperCustomizer> (0x00000000da384a98) thrown at [C:\jenkins\workspace\zulu8-silver-build-win64\zulu-src\hotspot\src\share\vm\classfile\sys

Events (10 events):
Event: 3.795 loading class sun/net/NetworkClient$1
Event: 3.795 loading class sun/net/NetworkClient$1 done
Event: 3.795 loading class sun/net/www/http/KeepAliveCache
Event: 3.796 loading class sun/net/www/http/KeepAliveCache done
Event: 3.796 loading class sun/net/www/http/KeepAliveKey
Event: 3.796 loading class sun/net/www/http/KeepAliveKey done
Event: 3.796 





=